============= ksd_reloading =================
1조  이호중 	스티커 : red	4 개
============================================================
1 조	총  red 	4 개
2 조	총  blue 	0 개
3 조	총  yello 	0 개
4 조	총  green 	0 개
5 조	총  heart 	0 개
6 조	총  apple 	0 개
============================================================


1조  이호중 	스티커 : red	4 개
2조  박다현 	스티커 : blue	3 개
============================================================
1 조	총  red 	4 개
2 조	총  blue 	3 개
3 조	총  yello 	0 개
4 조	총  green 	0 개
5 조	총  heart 	0 개
6 조	총  apple 	0 개
============================================================


1조  이호중 	스티커 : red	4 개
2조  박다현 	스티커 : blue	3 개
2조  이범혁 	스티커 : blue	4 개
============================================================
1 조	총  red 	4 개
2 조	총  blue 	7 개
3 조	총  yello 	0 개
4 조	총  green 	0 개
5 조	총  heart 	0 개
6 조	총  apple 	0 개
============================================================


1조  이호중 	스티커 : red	4 개
2조  박다현 	스티커 : blue	3 개
2조  김선두 	스티커 : blue	1 개
2조  이범혁 	스티커 : blue	4 개
============================================================
1 조	총  red 	4 개
2 조	총  blue 	8 개
3 조	총  yello 	0 개
4 조	총  green 	0 개
5 조	총  heart 	0 개
6 조	총  apple 	0 개
============================================================


1조  이호중 	스티커 : red	4 개
2조  박다현 	스티커 : blue	3 개
2조  김선두 	스티커 : blue	1 개
2조  김상엽 	스티커 : blue	1 개
2조  이범혁 	스티커 : blue	4 개
============================================================
1 조	총  red 	4 개
2 조	총  blue 	9 개
3 조	총  yello 	0 개
4 조	총  green 	0 개
5 조	총  heart 	0 개
6 조	총  apple 	0 개
============================================================


1조  이호중 	스티커 : red	4 개
2조  박다현 	스티커 : blue	3 개
2조  김선두 	스티커 : blue	1 개
2조  김상엽 	스티커 : blue	1 개
2조  이범혁 	스티커 : blue	4 개
3조  김수빈 	스티커 : yello	1 개
============================================================
1 조	총  red 	4 개
2 조	총  blue 	9 개
3 조	총  yello 	1 개
4 조	총  green 	0 개
5 조	총  heart 	0 개
6 조	총  apple 	0 개
============================================================


1조  이호중 	스티커 : red	4 개
2조  박다현 	스티커 : blue	3 개
2조  김선두 	스티커 : blue	1 개
2조  김상엽 	스티커 : blue	1 개
2조  이범혁 	스티커 : blue	4 개
3조  김수빈 	스티커 : yello	1 개
4조  최준혁 	스티커 : green	3 개
============================================================
1 조	총  red 	4 개
2 조	총  blue 	9 개
3 조	총  yello 	1 개
4 조	총  green 	3 개
5 조	총  heart 	0 개
6 조	총  apple 	0 개
============================================================


1조  이호중 	스티커 : red	4 개
2조  박다현 	스티커 : blue	3 개
2조  김선두 	스티커 : blue	1 개
2조  김상엽 	스티커 : blue	1 개
2조  이범혁 	스티커 : blue	4 개
3조  김수빈 	스티커 : yello	1 개
4조  최준혁 	스티커 : green	3 개
5조  김현욱 	스티커 : heart	4 개
============================================================
1 조	총  red 	4 개
2 조	총  blue 	9 개
3 조	총  yello 	1 개
4 조	총  green 	3 개
5 조	총  heart 	4 개
6 조	총  apple 	0 개
============================================================


1조  이호중 	스티커 : red	4 개
2조  박다현 	스티커 : blue	3 개
2조  김선두 	스티커 : blue	1 개
2조  김상엽 	스티커 : blue	1 개
2조  이범혁 	스티커 : blue	4 개
3조  김수빈 	스티커 : yello	1 개
3조  김하성 	스티커 : yello	1 개
4조  최준혁 	스티커 : green	3 개
5조  김현욱 	스티커 : heart	4 개
============================================================
1 조	총  red 	4 개
2 조	총  blue 	9 개
3 조	총  yello 	2 개
4 조	총  green 	3 개
5 조	총  heart 	4 개
6 조	총  apple 	0 개
============================================================


1조  이호중 	스티커 : red	4 개
2조  박다현 	스티커 : blue	3 개
2조  김선두 	스티커 : blue	1 개
2조  김상엽 	스티커 : blue	1 개
2조  이범혁 	스티커 : blue	4 개
3조  김수빈 	스티커 : yello	1 개
3조  김하성 	스티커 : yello	1 개
4조  최준혁 	스티커 : green	3 개
5조  김현욱 	스티커 : heart	4 개
6조  조수호 	스티커 : apple	1 개
============================================================
1 조	총  red 	4 개
2 조	총  blue 	9 개
3 조	총  yello 	2 개
4 조	총  green 	3 개
5 조	총  heart 	4 개
6 조	총  apple 	1 개
============================================================


1조  이호중 	스티커 : red	4 개
2조  박다현 	스티커 : blue	3 개
2조  김선두 	스티커 : blue	1 개
2조  김상엽 	스티커 : blue	1 개
2조  이범혁 	스티커 : blue	4 개
3조  김수빈 	스티커 : yello	1 개
3조  김하성 	스티커 : yello	1 개
4조  최준혁 	스티커 : green	3 개
5조  김현욱 	스티커 : heart	5 개
6조  조수호 	스티커 : apple	1 개
============================================================
1 조	총  red 	4 개
2 조	총  blue 	9 개
3 조	총  yello 	2 개
4 조	총  green 	3 개
5 조	총  heart 	5 개
6 조	총  apple 	1 개
============================================================


1조  이호중 	스티커 : red	4 개
2조  박다현 	스티커 : blue	3 개
2조  김선두 	스티커 : blue	2 개
2조  김상엽 	스티커 : blue	1 개
2조  이범혁 	스티커 : blue	4 개
3조  김수빈 	스티커 : yello	1 개
3조  김하성 	스티커 : yello	1 개
4조  최준혁 	스티커 : green	3 개
5조  김현욱 	스티커 : heart	5 개
6조  조수호 	스티커 : apple	1 개
============================================================
1 조	총  red 	4 개
2 조	총  blue 	10 개
3 조	총  yello 	2 개
4 조	총  green 	3 개
5 조	총  heart 	5 개
6 조	총  apple 	1 개
============================================================


