============= ksd_reloading =================
6조  조수호 	스티커 : apple	1 개
============================================================
1 조	총  red 	0 개
2 조	총  blue 	0 개
3 조	총  yello 	0 개
4 조	총  green 	0 개
5 조	총  heart 	0 개
6 조	총  apple 	1 개
============================================================


2조  김선두 	스티커 : blue	1 개
6조  조수호 	스티커 : apple	1 개
============================================================
1 조	총  red 	0 개
2 조	총  blue 	1 개
3 조	총  yello 	0 개
4 조	총  green 	0 개
5 조	총  heart 	0 개
6 조	총  apple 	1 개
============================================================


2조  성진우 	스티커 : blue	1 개
2조  김선두 	스티커 : blue	1 개
6조  조수호 	스티커 : apple	1 개
============================================================
1 조	총  red 	0 개
2 조	총  blue 	2 개
3 조	총  yello 	0 개
4 조	총  green 	0 개
5 조	총  heart 	0 개
6 조	총  apple 	1 개
============================================================


2조  성진우 	스티커 : blue	1 개
2조  김선두 	스티커 : blue	2 개
6조  조수호 	스티커 : apple	1 개
============================================================
1 조	총  red 	0 개
2 조	총  blue 	3 개
3 조	총  yello 	0 개
4 조	총  green 	0 개
5 조	총  heart 	0 개
6 조	총  apple 	1 개
============================================================


2조  성진우 	스티커 : blue	1 개
2조  김선두 	스티커 : blue	2 개
5조  김현욱 	스티커 : heart	1 개
6조  조수호 	스티커 : apple	1 개
============================================================
1 조	총  red 	0 개
2 조	총  blue 	3 개
3 조	총  yello 	0 개
4 조	총  green 	0 개
5 조	총  heart 	1 개
6 조	총  apple 	1 개
============================================================


2조  성진우 	스티커 : blue	1 개
2조  김선두 	스티커 : blue	2 개
3조  김하성 	스티커 : yello	1 개
5조  김현욱 	스티커 : heart	1 개
6조  조수호 	스티커 : apple	1 개
============================================================
1 조	총  red 	0 개
2 조	총  blue 	3 개
3 조	총  yello 	1 개
4 조	총  green 	0 개
5 조	총  heart 	1 개
6 조	총  apple 	1 개
============================================================


2조  성진우 	스티커 : blue	1 개
2조  김선두 	스티커 : blue	2 개
3조  김하성 	스티커 : yello	1 개
5조  김현욱 	스티커 : heart	2 개
6조  조수호 	스티커 : apple	1 개
============================================================
1 조	총  red 	0 개
2 조	총  blue 	3 개
3 조	총  yello 	1 개
4 조	총  green 	0 개
5 조	총  heart 	2 개
6 조	총  apple 	1 개
============================================================


2조  성진우 	스티커 : blue	1 개
2조  김선두 	스티커 : blue	2 개
3조  김하성 	스티커 : yello	1 개
5조  김현욱 	스티커 : heart	2 개
6조  조수호 	스티커 : apple	1 개
============================================================
1 조	총  red 	0 개
2 조	총  blue 	3 개
3 조	총  yello 	1 개
4 조	총  green 	0 개
5 조	총  heart 	2 개
6 조	총  apple 	1 개
============================================================


