mkdir: cannot create directory ‘20190327’: File exists
Segmentation fault (core dumped)
============= ksd_reloading =================
============= ksd_reloading =================
============= ksd_reloading =================


1조  홍종호 	스티커 : red	1 개
1조  이호중 	스티커 : red	2 개
1조  정윤송 	스티커 : red	1 개
2조  박다현 	스티커 : blue	1 개
2조  김선두 	스티커 : blue	2 개
2조  김상엽 	스티커 : blue	1 개
2조  이범혁 	스티커 : blue	3 개
4조  김동현 	스티커 : green	1 개
4조  최준혁 	스티커 : green	1 개
5조  김현욱 	스티커 : heart	2 개
6조  조수호 	스티커 : apple	2 개
6조  최현우 	스티커 : apple	2 개
6조  정원경 	스티커 : apple	1 개
============================================================
1 조	총  red 	4 개
2 조	총  blue 	7 개
3 조	총  yello 	0 개
4 조	총  green 	2 개
5 조	총  heart 	2 개
6 조	총  apple 	5 개
============================================================


1조  홍종호 	스티커 : red	1 개
1조  이호중 	스티커 : red	2 개
1조  정윤송 	스티커 : red	1 개
2조  박다현 	스티커 : blue	1 개
2조  김선두 	스티커 : blue	2 개
2조  김상엽 	스티커 : blue	1 개
2조  이범혁 	스티커 : blue	3 개
4조  김동현 	스티커 : green	1 개
4조  최준혁 	스티커 : green	1 개
5조  김현욱 	스티커 : heart	3 개
6조  조수호 	스티커 : apple	2 개
6조  최현우 	스티커 : apple	2 개
6조  정원경 	스티커 : apple	1 개
============================================================
1 조	총  red 	4 개
2 조	총  blue 	7 개
3 조	총  yello 	0 개
4 조	총  green 	2 개
5 조	총  heart 	3 개
6 조	총  apple 	5 개
============================================================


============= ksd_reloading =================
============= ksd_reloading =================
