============= ksd_reloading =================
2조  성진우 	스티커 : blue	1 개
============================================================
1 조	총  red 	0 개
2 조	총  blue 	1 개
3 조	총  yello 	0 개
4 조	총  green 	0 개
5 조	총  heart 	0 개
6 조	총  apple 	0 개
============================================================


2조  성진우 	스티커 : blue	1 개
6조  이태희 	스티커 : apple	1 개
============================================================
1 조	총  red 	0 개
2 조	총  blue 	1 개
3 조	총  yello 	0 개
4 조	총  green 	0 개
5 조	총  heart 	0 개
6 조	총  apple 	1 개
============================================================


2조  성진우 	스티커 : blue	1 개
5조  김현욱 	스티커 : heart	1 개
6조  이태희 	스티커 : apple	1 개
============================================================
1 조	총  red 	0 개
2 조	총  blue 	1 개
3 조	총  yello 	0 개
4 조	총  green 	0 개
5 조	총  heart 	1 개
6 조	총  apple 	1 개
============================================================


2조  성진우 	스티커 : blue	1 개
5조  김현욱 	스티커 : heart	1 개
6조  조수호 	스티커 : apple	1 개
6조  이태희 	스티커 : apple	1 개
============================================================
1 조	총  red 	0 개
2 조	총  blue 	1 개
3 조	총  yello 	0 개
4 조	총  green 	0 개
5 조	총  heart 	1 개
6 조	총  apple 	2 개
============================================================


1조  조용원 	스티커 : red	1 개
2조  성진우 	스티커 : blue	1 개
5조  김현욱 	스티커 : heart	1 개
6조  조수호 	스티커 : apple	1 개
6조  이태희 	스티커 : apple	1 개
============================================================
1 조	총  red 	1 개
2 조	총  blue 	1 개
3 조	총  yello 	0 개
4 조	총  green 	0 개
5 조	총  heart 	1 개
6 조	총  apple 	2 개
============================================================


1조  조용원 	스티커 : red	1 개
1조  이호중 	스티커 : red	1 개
2조  성진우 	스티커 : blue	1 개
5조  김현욱 	스티커 : heart	1 개
6조  조수호 	스티커 : apple	1 개
6조  이태희 	스티커 : apple	1 개
============================================================
1 조	총  red 	2 개
2 조	총  blue 	1 개
3 조	총  yello 	0 개
4 조	총  green 	0 개
5 조	총  heart 	1 개
6 조	총  apple 	2 개
============================================================


1조  조용원 	스티커 : red	1 개
1조  이호중 	스티커 : red	1 개
1조  정윤송 	스티커 : red	1 개
2조  성진우 	스티커 : blue	1 개
5조  김현욱 	스티커 : heart	1 개
6조  조수호 	스티커 : apple	1 개
6조  이태희 	스티커 : apple	1 개
============================================================
1 조	총  red 	3 개
2 조	총  blue 	1 개
3 조	총  yello 	0 개
4 조	총  green 	0 개
5 조	총  heart 	1 개
6 조	총  apple 	2 개
============================================================


1조  조용원 	스티커 : red	1 개
1조  이호중 	스티커 : red	1 개
1조  정윤송 	스티커 : red	1 개
2조  성진우 	스티커 : blue	2 개
5조  김현욱 	스티커 : heart	1 개
6조  조수호 	스티커 : apple	1 개
6조  이태희 	스티커 : apple	1 개
============================================================
1 조	총  red 	3 개
2 조	총  blue 	2 개
3 조	총  yello 	0 개
4 조	총  green 	0 개
5 조	총  heart 	1 개
6 조	총  apple 	2 개
============================================================


1조  조용원 	스티커 : red	1 개
1조  이호중 	스티커 : red	1 개
1조  정윤송 	스티커 : red	1 개
2조  박다현 	스티커 : blue	1 개
2조  성진우 	스티커 : blue	2 개
5조  김현욱 	스티커 : heart	1 개
6조  조수호 	스티커 : apple	1 개
6조  이태희 	스티커 : apple	1 개
============================================================
1 조	총  red 	3 개
2 조	총  blue 	3 개
3 조	총  yello 	0 개
4 조	총  green 	0 개
5 조	총  heart 	1 개
6 조	총  apple 	2 개
============================================================


1조  조용원 	스티커 : red	1 개
1조  이호중 	스티커 : red	1 개
1조  정윤송 	스티커 : red	1 개
2조  박다현 	스티커 : blue	1 개
2조  성진우 	스티커 : blue	2 개
2조  김상엽 	스티커 : blue	1 개
5조  김현욱 	스티커 : heart	1 개
6조  조수호 	스티커 : apple	1 개
6조  이태희 	스티커 : apple	1 개
============================================================
1 조	총  red 	3 개
2 조	총  blue 	4 개
3 조	총  yello 	0 개
4 조	총  green 	0 개
5 조	총  heart 	1 개
6 조	총  apple 	2 개
============================================================


1조  조용원 	스티커 : red	1 개
1조  이호중 	스티커 : red	1 개
1조  정윤송 	스티커 : red	1 개
2조  박다현 	스티커 : blue	1 개
2조  성진우 	스티커 : blue	2 개
2조  김선두 	스티커 : blue	1 개
2조  김상엽 	스티커 : blue	1 개
5조  김현욱 	스티커 : heart	1 개
6조  조수호 	스티커 : apple	1 개
6조  이태희 	스티커 : apple	1 개
============================================================
1 조	총  red 	3 개
2 조	총  blue 	5 개
3 조	총  yello 	0 개
4 조	총  green 	0 개
5 조	총  heart 	1 개
6 조	총  apple 	2 개
============================================================


1조  조용원 	스티커 : red	1 개
1조  이호중 	스티커 : red	1 개
1조  정윤송 	스티커 : red	1 개
2조  박다현 	스티커 : blue	1 개
2조  성진우 	스티커 : blue	2 개
2조  김선두 	스티커 : blue	1 개
2조  김상엽 	스티커 : blue	1 개
3조  김하성 	스티커 : yello	1 개
5조  김현욱 	스티커 : heart	1 개
6조  조수호 	스티커 : apple	1 개
6조  이태희 	스티커 : apple	1 개
============================================================
1 조	총  red 	3 개
2 조	총  blue 	5 개
3 조	총  yello 	1 개
4 조	총  green 	0 개
5 조	총  heart 	1 개
6 조	총  apple 	2 개
============================================================


1조  조용원 	스티커 : red	1 개
1조  이호중 	스티커 : red	1 개
1조  정윤송 	스티커 : red	1 개
2조  박다현 	스티커 : blue	1 개
2조  성진우 	스티커 : blue	2 개
2조  김선두 	스티커 : blue	1 개
2조  김상엽 	스티커 : blue	1 개
3조  김하성 	스티커 : yello	1 개
4조  이윤진 	스티커 : green	1 개
5조  김현욱 	스티커 : heart	1 개
6조  조수호 	스티커 : apple	1 개
6조  이태희 	스티커 : apple	1 개
============================================================
1 조	총  red 	3 개
2 조	총  blue 	5 개
3 조	총  yello 	1 개
4 조	총  green 	1 개
5 조	총  heart 	1 개
6 조	총  apple 	2 개
============================================================


1조  조용원 	스티커 : red	1 개
1조  이호중 	스티커 : red	1 개
1조  정윤송 	스티커 : red	1 개
2조  박다현 	스티커 : blue	1 개
2조  성진우 	스티커 : blue	2 개
2조  김선두 	스티커 : blue	1 개
2조  김상엽 	스티커 : blue	1 개
3조  김하성 	스티커 : yello	1 개
4조  이윤진 	스티커 : green	1 개
5조  김현욱 	스티커 : heart	2 개
6조  조수호 	스티커 : apple	1 개
6조  이태희 	스티커 : apple	1 개
============================================================
1 조	총  red 	3 개
2 조	총  blue 	5 개
3 조	총  yello 	1 개
4 조	총  green 	1 개
5 조	총  heart 	2 개
6 조	총  apple 	2 개
============================================================


1조  조용원 	스티커 : red	1 개
1조  이호중 	스티커 : red	1 개
1조  정윤송 	스티커 : red	1 개
2조  박다현 	스티커 : blue	1 개
2조  성진우 	스티커 : blue	2 개
2조  김선두 	스티커 : blue	1 개
2조  김상엽 	스티커 : blue	1 개
3조  김하성 	스티커 : yello	1 개
4조  이윤진 	스티커 : green	1 개
5조  김현욱 	스티커 : heart	2 개
5조  민예슬 	스티커 : heart	1 개
6조  조수호 	스티커 : apple	1 개
6조  이태희 	스티커 : apple	1 개
============================================================
1 조	총  red 	3 개
2 조	총  blue 	5 개
3 조	총  yello 	1 개
4 조	총  green 	1 개
5 조	총  heart 	3 개
6 조	총  apple 	2 개
============================================================


1조  조용원 	스티커 : red	1 개
1조  이호중 	스티커 : red	1 개
1조  정윤송 	스티커 : red	1 개
2조  박다현 	스티커 : blue	1 개
2조  성진우 	스티커 : blue	2 개
2조  김선두 	스티커 : blue	1 개
2조  김상엽 	스티커 : blue	1 개
3조  김하성 	스티커 : yello	1 개
4조  이윤진 	스티커 : green	1 개
5조  김현욱 	스티커 : heart	2 개
5조  민예슬 	스티커 : heart	1 개
6조  조수호 	스티커 : apple	1 개
6조  이태희 	스티커 : apple	2 개
============================================================
1 조	총  red 	3 개
2 조	총  blue 	5 개
3 조	총  yello 	1 개
4 조	총  green 	1 개
5 조	총  heart 	3 개
6 조	총  apple 	3 개
============================================================


1조  조용원 	스티커 : red	1 개
1조  이호중 	스티커 : red	1 개
1조  정윤송 	스티커 : red	1 개
2조  박다현 	스티커 : blue	1 개
2조  성진우 	스티커 : blue	2 개
2조  김선두 	스티커 : blue	1 개
2조  김상엽 	스티커 : blue	1 개
3조  김하성 	스티커 : yello	1 개
4조  이윤진 	스티커 : green	1 개
5조  김현욱 	스티커 : heart	3 개
5조  민예슬 	스티커 : heart	1 개
6조  조수호 	스티커 : apple	1 개
6조  이태희 	스티커 : apple	2 개
============================================================
1 조	총  red 	3 개
2 조	총  blue 	5 개
3 조	총  yello 	1 개
4 조	총  green 	1 개
5 조	총  heart 	4 개
6 조	총  apple 	3 개
============================================================


1조  조용원 	스티커 : red	1 개
1조  이호중 	스티커 : red	1 개
1조  정윤송 	스티커 : red	1 개
2조  박다현 	스티커 : blue	1 개
2조  성진우 	스티커 : blue	2 개
2조  김선두 	스티커 : blue	2 개
2조  김상엽 	스티커 : blue	1 개
3조  김하성 	스티커 : yello	1 개
4조  이윤진 	스티커 : green	1 개
5조  김현욱 	스티커 : heart	3 개
5조  민예슬 	스티커 : heart	1 개
6조  조수호 	스티커 : apple	1 개
6조  이태희 	스티커 : apple	2 개
============================================================
1 조	총  red 	3 개
2 조	총  blue 	6 개
3 조	총  yello 	1 개
4 조	총  green 	1 개
5 조	총  heart 	4 개
6 조	총  apple 	3 개
============================================================


1조  조용원 	스티커 : red	1 개
1조  이호중 	스티커 : red	1 개
1조  정윤송 	스티커 : red	1 개
2조  박다현 	스티커 : blue	1 개
2조  성진우 	스티커 : blue	2 개
2조  김선두 	스티커 : blue	2 개
2조  김상엽 	스티커 : blue	1 개
3조  김하성 	스티커 : yello	1 개
4조  이윤진 	스티커 : green	1 개
5조  김현욱 	스티커 : heart	3 개
5조  민예슬 	스티커 : heart	1 개
6조  조수호 	스티커 : apple	2 개
6조  이태희 	스티커 : apple	2 개
============================================================
1 조	총  red 	3 개
2 조	총  blue 	6 개
3 조	총  yello 	1 개
4 조	총  green 	1 개
5 조	총  heart 	4 개
6 조	총  apple 	4 개
============================================================


1조  조용원 	스티커 : red	1 개
1조  이호중 	스티커 : red	1 개
1조  정윤송 	스티커 : red	1 개
2조  박다현 	스티커 : blue	1 개
2조  성진우 	스티커 : blue	2 개
2조  김선두 	스티커 : blue	3 개
2조  김상엽 	스티커 : blue	1 개
3조  김하성 	스티커 : yello	1 개
4조  이윤진 	스티커 : green	1 개
5조  김현욱 	스티커 : heart	3 개
5조  민예슬 	스티커 : heart	1 개
6조  조수호 	스티커 : apple	2 개
6조  이태희 	스티커 : apple	2 개
============================================================
1 조	총  red 	3 개
2 조	총  blue 	7 개
3 조	총  yello 	1 개
4 조	총  green 	1 개
5 조	총  heart 	4 개
6 조	총  apple 	4 개
============================================================


1조  조용원 	스티커 : red	1 개
1조  이호중 	스티커 : red	1 개
1조  정윤송 	스티커 : red	1 개
2조  박다현 	스티커 : blue	1 개
2조  성진우 	스티커 : blue	2 개
2조  김선두 	스티커 : blue	3 개
2조  김상엽 	스티커 : blue	1 개
3조  김하성 	스티커 : yello	1 개
4조  이윤진 	스티커 : green	1 개
5조  김현욱 	스티커 : heart	3 개
5조  민예슬 	스티커 : heart	1 개
6조  조수호 	스티커 : apple	3 개
6조  이태희 	스티커 : apple	2 개
============================================================
1 조	총  red 	3 개
2 조	총  blue 	7 개
3 조	총  yello 	1 개
4 조	총  green 	1 개
5 조	총  heart 	4 개
6 조	총  apple 	5 개
============================================================


