2조  김선두 	스티커 : blue	1 개
============================================================
1 조	총  red 	0 개
2 조	총  blue 	1 개
3 조	총  yello 	0 개
4 조	총  green 	0 개
5 조	총  heart 	0 개
6 조	총  apple 	0 개
============================================================


2조  김선두 	스티커 : blue	2 개
============================================================
1 조	총  red 	0 개
2 조	총  blue 	2 개
3 조	총  yello 	0 개
4 조	총  green 	0 개
5 조	총  heart 	0 개
6 조	총  apple 	0 개
============================================================


2조  김선두 	스티커 : blue	3 개
============================================================
1 조	총  red 	0 개
2 조	총  blue 	3 개
3 조	총  yello 	0 개
4 조	총  green 	0 개
5 조	총  heart 	0 개
6 조	총  apple 	0 개
============================================================


2조  김선두 	스티커 : blue	4 개
============================================================
1 조	총  red 	0 개
2 조	총  blue 	4 개
3 조	총  yello 	0 개
4 조	총  green 	0 개
5 조	총  heart 	0 개
6 조	총  apple 	0 개
============================================================


============= ksd_reloading =================
2조  김선두 	스티커 : blue	1 개
============================================================
1 조	총  red 	0 개
2 조	총  blue 	1 개
3 조	총  yello 	0 개
4 조	총  green 	0 개
5 조	총  heart 	0 개
6 조	총  apple 	0 개
============================================================


2조  김선두 	스티커 : blue	1 개
3조  이재환 	스티커 : yello	1 개
============================================================
1 조	총  red 	0 개
2 조	총  blue 	1 개
3 조	총  yello 	1 개
4 조	총  green 	0 개
5 조	총  heart 	0 개
6 조	총  apple 	0 개
============================================================


2조  김선두 	스티커 : blue	1 개
2조  김수빈 	스티커 : blue	1 개
3조  이재환 	스티커 : yello	1 개
============================================================
1 조	총  red 	0 개
2 조	총  blue 	2 개
3 조	총  yello 	1 개
4 조	총  green 	0 개
5 조	총  heart 	0 개
6 조	총  apple 	0 개
============================================================


2조  김선두 	스티커 : blue	1 개
2조  김수빈 	스티커 : blue	1 개
3조  이재환 	스티커 : yello	1 개
4조  박하늘 	스티커 : green	1 개
============================================================
1 조	총  red 	0 개
2 조	총  blue 	2 개
3 조	총  yello 	1 개
4 조	총  green 	1 개
5 조	총  heart 	0 개
6 조	총  apple 	0 개
============================================================


2조  김선두 	스티커 : blue	1 개
2조  김수빈 	스티커 : blue	1 개
3조  이재환 	스티커 : yello	1 개
3조  이원재 	스티커 : yello	1 개
4조  박하늘 	스티커 : green	1 개
============================================================
1 조	총  red 	0 개
2 조	총  blue 	2 개
3 조	총  yello 	2 개
4 조	총  green 	1 개
5 조	총  heart 	0 개
6 조	총  apple 	0 개
============================================================


2조  김선두 	스티커 : blue	1 개
2조  김수빈 	스티커 : blue	1 개
3조  이재환 	스티커 : yello	1 개
3조  이원재 	스티커 : yello	1 개
3조  이윤진 	스티커 : yello	1 개
4조  박하늘 	스티커 : green	1 개
============================================================
1 조	총  red 	0 개
2 조	총  blue 	2 개
3 조	총  yello 	3 개
4 조	총  green 	1 개
5 조	총  heart 	0 개
6 조	총  apple 	0 개
============================================================


2조  김선두 	스티커 : blue	1 개
2조  김수빈 	스티커 : blue	1 개
3조  이재환 	스티커 : yello	1 개
3조  이원재 	스티커 : yello	1 개
3조  이윤진 	스티커 : yello	1 개
4조  박하늘 	스티커 : green	1 개
6조  김지환 	스티커 : apple	1 개
============================================================
1 조	총  red 	0 개
2 조	총  blue 	2 개
3 조	총  yello 	3 개
4 조	총  green 	1 개
5 조	총  heart 	0 개
6 조	총  apple 	1 개
============================================================


2조  김선두 	스티커 : blue	1 개
2조  이상엽 	스티커 : blue	1 개
2조  김수빈 	스티커 : blue	1 개
3조  이재환 	스티커 : yello	1 개
3조  이원재 	스티커 : yello	1 개
3조  이윤진 	스티커 : yello	1 개
4조  박하늘 	스티커 : green	1 개
6조  김지환 	스티커 : apple	1 개
============================================================
1 조	총  red 	0 개
2 조	총  blue 	3 개
3 조	총  yello 	3 개
4 조	총  green 	1 개
5 조	총  heart 	0 개
6 조	총  apple 	1 개
============================================================


2조  김선두 	스티커 : blue	1 개
2조  이상엽 	스티커 : blue	1 개
2조  김수빈 	스티커 : blue	1 개
3조  이재환 	스티커 : yello	1 개
3조  이원재 	스티커 : yello	1 개
3조  이윤진 	스티커 : yello	1 개
4조  박하늘 	스티커 : green	1 개
6조  김지환 	스티커 : apple	1 개
============================================================
1 조	총  red 	0 개
2 조	총  blue 	3 개
3 조	총  yello 	3 개
4 조	총  green 	1 개
5 조	총  heart 	0 개
6 조	총  apple 	1 개
============================================================


============= ksd_reloading =================
2조  김선두 	스티커 : blue	1 개
============================================================
1 조	총  red 	0 개
2 조	총  blue 	1 개
3 조	총  yello 	0 개
4 조	총  green 	0 개
5 조	총  heart 	0 개
6 조	총  apple 	0 개
============================================================


2조  김선두 	스티커 : blue	1 개
3조  이재환 	스티커 : yello	1 개
============================================================
1 조	총  red 	0 개
2 조	총  blue 	1 개
3 조	총  yello 	1 개
4 조	총  green 	0 개
5 조	총  heart 	0 개
6 조	총  apple 	0 개
============================================================


2조  김선두 	스티커 : blue	2 개
3조  이재환 	스티커 : yello	1 개
============================================================
1 조	총  red 	0 개
2 조	총  blue 	2 개
3 조	총  yello 	1 개
4 조	총  green 	0 개
5 조	총  heart 	0 개
6 조	총  apple 	0 개
============================================================


2조  김선두 	스티커 : blue	3 개
3조  이재환 	스티커 : yello	1 개
============================================================
1 조	총  red 	0 개
2 조	총  blue 	3 개
3 조	총  yello 	1 개
4 조	총  green 	0 개
5 조	총  heart 	0 개
6 조	총  apple 	0 개
============================================================


2조  김선두 	스티커 : blue	3 개
3조  이재환 	스티커 : yello	2 개
============================================================
1 조	총  red 	0 개
2 조	총  blue 	3 개
3 조	총  yello 	2 개
4 조	총  green 	0 개
5 조	총  heart 	0 개
6 조	총  apple 	0 개
============================================================


2조  김선두 	스티커 : blue	3 개
3조  이재환 	스티커 : yello	2 개
============================================================
1 조	총  red 	0 개
2 조	총  blue 	3 개
3 조	총  yello 	2 개
4 조	총  green 	0 개
5 조	총  heart 	0 개
6 조	총  apple 	0 개
============================================================


============= ksd_reloading =================
2조  김선두 	스티커 : blue	1 개
============================================================
1 조	총  red 	0 개
2 조	총  blue 	1 개
3 조	총  yello 	0 개
4 조	총  green 	0 개
5 조	총  heart 	0 개
6 조	총  apple 	0 개
============================================================


2조  김선두 	스티커 : blue	1 개
3조  이재환 	스티커 : yello	1 개
============================================================
1 조	총  red 	0 개
2 조	총  blue 	1 개
3 조	총  yello 	1 개
4 조	총  green 	0 개
5 조	총  heart 	0 개
6 조	총  apple 	0 개
============================================================


2조  김선두 	스티커 : blue	1 개
3조  이재환 	스티커 : yello	1 개
5조  조수호 	스티커 : heart	1 개
============================================================
1 조	총  red 	0 개
2 조	총  blue 	1 개
3 조	총  yello 	1 개
4 조	총  green 	0 개
5 조	총  heart 	1 개
6 조	총  apple 	0 개
============================================================


2조  김선두 	스티커 : blue	1 개
3조  이재환 	스티커 : yello	1 개
5조  조수호 	스티커 : heart	2 개
============================================================
1 조	총  red 	0 개
2 조	총  blue 	1 개
3 조	총  yello 	1 개
4 조	총  green 	0 개
5 조	총  heart 	2 개
6 조	총  apple 	0 개
============================================================


2조  김선두 	스티커 : blue	2 개
3조  이재환 	스티커 : yello	1 개
5조  조수호 	스티커 : heart	2 개
============================================================
1 조	총  red 	0 개
2 조	총  blue 	2 개
3 조	총  yello 	1 개
4 조	총  green 	0 개
5 조	총  heart 	2 개
6 조	총  apple 	0 개
============================================================


2조  김선두 	스티커 : blue	2 개
3조  이재환 	스티커 : yello	1 개
5조  조수호 	스티커 : heart	2 개
============================================================
1 조	총  red 	0 개
2 조	총  blue 	2 개
3 조	총  yello 	1 개
4 조	총  green 	0 개
5 조	총  heart 	2 개
6 조	총  apple 	0 개
============================================================


